#
# A fatal error has been detected by the Java Runtime Environment:
#
#  SIGBUS (0x7) at pc=0x00007f5b86ef2eed, pid=7551, tid=0x00007f5b116f9700
#
# JRE version: OpenJDK Runtime Environment (8.0_131-b11) (build 1.8.0_131-8u131-b11-2ubuntu1.16.04.3-b11)
# Java VM: OpenJDK 64-Bit Server VM (25.131-b11 mixed mode linux-amd64 compressed oops)
# Problematic frame:
# C  [libzip.so+0x4eed]
#
# Failed to write core dump. Core dumps have been disabled. To enable core dumping, try "ulimit -c unlimited" before starting Java again
#
# If you would like to submit a bug report, please visit:
#   http://bugreport.java.com/bugreport/crash.jsp
# The crash happened outside the Java Virtual Machine in native code.
# See problematic frame for where to report the bug.
#

---------------  T H R E A D  ---------------

Current thread (0x00007f5b18398800):  JavaThread "pool-21-thread-7" [_thread_in_native, id=10739, stack(0x00007f5b115f9000,0x00007f5b116fa000)]

siginfo: si_signo: 7 (SIGBUS), si_code: 2 (BUS_ADRERR), si_addr: 0x00007f5b3c07bce0

Registers:
RAX=0x00007f5b301ab840, RBX=0x00007f5b009d7f10, RCX=0x00007f5b3c07bcc0, RDX=0x00007f5b301ab840
RSP=0x00007f5b116f0d70, RBP=0x00007f5b116f0de0, RSI=0x0000000000000200, RDI=0x0000000000000620
R8 =0x00007f5b300004f8, R9 =0x00007f5b89717040, R10=0x00007f5b78130918, R11=0x00000000f29ae538
R12=0x00007f5b009d9538, R13=0x00007f5b116f0e80, R14=0x00007f5b30010cd0, R15=0x00007f5b301ab840
RIP=0x00007f5b86ef2eed, EFLAGS=0x0000000000010206, CSGSFS=0x0000000000000033, ERR=0x0000000000000004
  TRAPNO=0x000000000000000e

Top of Stack: (sp=0x00007f5b116f0d70)
0x00007f5b116f0d70:   00007f5b116f0dd0 00000032009c8200
0x00007f5b116f0d80:   00007f5b116f0db0 0000000000000031
0x00007f5b116f0d90:   00007f5b183989e0 00000000f29adb98
0x00007f5b116f0da0:   0000000018398800 00007f5b89098370
0x00007f5b116f0db0:   0000000000000031 00007f5b009d9530
0x00007f5b116f0dc0:   000000009db2c535 00007f5b116f0e80
0x00007f5b116f0dd0:   00007f5b30010cd0 00007f5b009d7f10
0x00007f5b116f0de0:   00007f5b116f0e30 00007f5b86ef3c84
0x00007f5b116f0df0:   00007f5b116f0e50 00000031019c8200
0x00007f5b116f0e00:   00007f5b116f0e30 0000000000000031
0x00007f5b116f0e10:   00007f5b183989e0 00000000f29ae408
0x00007f5b116f0e20:   00007f5b116f12a8 00007f5b009d7f10
0x00007f5b116f0e30:   00007f5b116f1290 00007f5b86ef1bec
0x00007f5b116f0e40:   00007f5b116f0e50 000000010000065d
0x00007f5b116f0e50:   63732f616c616373 766974616e616c61
0x00007f5b116f0e60:   756c7063736e2f65 5472694e2f6e6967
0x00007f5b116f0e70:   646f636e45657079 73616c632e676e69
0x00007f5b116f0e80:   00007f5b18390073 00007f5b89e1f53c
0x00007f5b116f0e90:   00007f5b301ab840 000000000000065d
0x00007f5b116f0ea0:   0000000000000000 00007f5b116f0f10
0x00007f5b116f0eb0:   00007f5b301ab840 000000000000065d
0x00007f5b116f0ec0:   00007f5b116f13d0 00007f5b18245810
0x00007f5b116f0ed0:   00007f5b116f0f10 00007f5b87945b3c
0x00007f5b116f0ee0:   0000000012042b00 00007f5b116f0f90
0x00007f5b116f0ef0:   00007f5b116f1418 00007f5b116f13f0
0x00007f5b116f0f00:   00007f5b116f0f90 00007f5b116f0f00
0x00007f5b116f0f10:   63732f616c616373 766974616e616c61
0x00007f5b116f0f20:   756c7063736e2f65 4672694e2f6e6967
0x00007f5b116f0f30:   0000000073656c69 0000000077ae1e90
0x00007f5b116f0f40:   7e4b73f105ecdb76 582e168ae60bd9af
0x00007f5b116f0f50:   1aaf2f5292f5a5e7 87b35ea4c5160f38
0x00007f5b116f0f60:   d0ae46a0fcc47c63 31cc7c39ca0f9f96 

Instructions: (pc=0x00007f5b86ef2eed)
0x00007f5b86ef2ecd:   40 30 00 00 00 00 48 c7 40 28 00 00 00 00 0f 84
0x00007f5b86ef2edd:   bf 01 00 00 49 8b 0c 24 48 2b 4b 28 48 03 4b 18
0x00007f5b86ef2eed:   0f b7 41 20 44 0f b7 69 1c 49 89 ce 44 0f b7 61
0x00007f5b86ef2efd:   1e 89 45 c0 41 8b 46 0c 48 c7 45 c8 00 00 00 00 

Register to memory mapping:

RAX=0x00007f5b301ab840 is an unknown value
RBX=0x00007f5b009d7f10 is an unknown value
RCX=0x00007f5b3c07bcc0 is an unknown value
RDX=0x00007f5b301ab840 is an unknown value
RSP=0x00007f5b116f0d70 is pointing into the stack for thread: 0x00007f5b18398800
RBP=0x00007f5b116f0de0 is pointing into the stack for thread: 0x00007f5b18398800
RSI=0x0000000000000200 is an unknown value
RDI=0x0000000000000620 is an unknown value
R8 =0x00007f5b300004f8 is an unknown value
R9 =0x00007f5b89717040: <offset 0xef7040> in /usr/lib/jvm/java-8-openjdk-amd64/jre/lib/amd64/server/libjvm.so at 0x00007f5b88820000
R10=0x00007f5b78130918 is at entry_point+88 in (nmethod*)0x00007f5b78130750
R11=0x00000000f29ae538 is an oop
