#
# A fatal error has been detected by the Java Runtime Environment:
#
#  SIGBUS (0x7) at pc=0x00007fe08889ceed, pid=4982, tid=0x00007fe042081700
#
# JRE version: OpenJDK Runtime Environment (8.0_131-b11) (build 1.8.0_131-8u131-b11-2ubuntu1.16.04.3-b11)
# Java VM: OpenJDK 64-Bit Server VM (25.131-b11 mixed mode linux-amd64 compressed oops)
# Problematic frame:
# C  [libzip.so+0x4eed]
#
# Failed to write core dump. Core dumps have been disabled. To enable core dumping, try "ulimit -c unlimited" before starting Java again
#
# If you would like to submit a bug report, please visit:
#   http://bugreport.java.com/bugreport/crash.jsp
# The crash happened outside the Java Virtual Machine in native code.
# See problematic frame for where to report the bug.
#

---------------  T H R E A D  ---------------

Current thread (0x00007fe01c047000):  JavaThread "pool-8-thread-7" [_thread_in_native, id=6284, stack(0x00007fe041f81000,0x00007fe042082000)]

siginfo: si_signo: 7 (SIGBUS), si_code: 2 (BUS_ADRERR), si_addr: 0x00007fe040d1cad7

Registers:
RAX=0x00007fe024089040, RBX=0x00007fe0240b79c0, RCX=0x00007fe040d1cab7, RDX=0x00007fe024089040
RSP=0x00007fe04207ad70, RBP=0x00007fe04207ade0, RSI=0x00000000000aa000, RDI=0x00000000000006f0
R8 =0x00007fe024000578, R9 =0x00007fe08b0c1040, R10=0x00007fe07c123e58, R11=0x00000000ec82c2b0
R12=0x00007fe02402f3c8, R13=0x00007fe04207ae88, R14=0x00007fe024087f10, R15=0x00007fe024089040
RIP=0x00007fe08889ceed, EFLAGS=0x0000000000010206, CSGSFS=0x0000000000000033, ERR=0x0000000000000004
  TRAPNO=0x000000000000000e

Top of Stack: (sp=0x00007fe04207ad70)
0x00007fe04207ad70:   00007fe04207add0 0000003a00ff0200
0x00007fe04207ad80:   00007fe04207adb0 0000000000000039
0x00007fe04207ad90:   00007fe01c0471e0 00000000c455d378
0x00007fe04207ada0:   000000001c047000 00007fe08aa42370
0x00007fe04207adb0:   0000000000000039 00007fe02402f3c0
0x00007fe04207adc0:   000000007b6d4c80 00007fe04207ae88
0x00007fe04207add0:   00007fe024087f10 00007fe0240b79c0
0x00007fe04207ade0:   00007fe04207ae30 00007fe08889dc84
0x00007fe04207adf0:   00007fe04207ae50 0000003901ff0200
0x00007fe04207ae00:   00007fe04207ae30 0000000000000039
0x00007fe04207ae10:   00007fe01c0471e0 00000000ec7f64e0
0x00007fe04207ae20:   00007fe04207b2a8 00007fe0240b79c0
0x00007fe04207ae30:   00007fe04207b290 00007fe08889bbec
0x00007fe04207ae40:   00007fe04207ae50 00000001ec81af90
0x00007fe04207ae50:   63732f616c616373 766974616e616c61
0x00007fe04207ae60:   756c7063736e2f65 4372694e2f6e6967
0x00007fe04207ae70:   4e246e654765646f 685065646f437269
0x00007fe04207ae80:   73616c632e657361 0000000033a90073
0x00007fe04207ae90:   0000000000000005 cf162ebd03ff0200
0x00007fe04207aea0:   00007fe04207b110 00007fe07c19bb8c
0x00007fe04207aeb0:   0000000000800000 00007fe07d2cee34
0x00007fe04207aec0:   00000000ec809738 00000000ec7f5728
0x00007fe04207aed0:   00000000ec7f5fb0 00000000ec7f5fb0
0x00007fe04207aee0:   00007fe0240b79c0 00000000ec808770
0x00007fe04207aef0:   000000000000002c 00007fe07cd770f8
0x00007fe04207af00:   000000580000002c 00000000ec7f6150
0x00007fe04207af10:   00007fe000000068 0000002c00000084
0x00007fe04207af20:   00000000ec809738 00000000ec7f5728
0x00007fe04207af30:   000000000000002c 00000000ec808770
0x00007fe04207af40:   0000000000000001 00000000ec7f3c30
0x00007fe04207af50:   00000000ec7f5728 00000000ec807f20
0x00007fe04207af60:   00000000ec809f80 00000000ec7f3788 

Instructions: (pc=0x00007fe08889ceed)
0x00007fe08889cecd:   40 30 00 00 00 00 48 c7 40 28 00 00 00 00 0f 84
0x00007fe08889cedd:   bf 01 00 00 49 8b 0c 24 48 2b 4b 28 48 03 4b 18
0x00007fe08889ceed:   0f b7 41 20 44 0f b7 69 1c 49 89 ce 44 0f b7 61
0x00007fe08889cefd:   1e 89 45 c0 41 8b 46 0c 48 c7 45 c8 00 00 00 00 

Register to memory mapping:

RAX=0x00007fe024089040 is an unknown value
RBX=0x00007fe0240b79c0 is an unknown value
RCX=0x00007fe040d1cab7 is an unknown value
RDX=0x00007fe024089040 is an unknown value
RSP=0x00007fe04207ad70 is pointing into the stack for thread: 0x00007fe01c047000
RBP=0x00007fe04207ade0 is pointing into the stack for thread: 0x00007fe01c047000
RSI=0x00000000000aa000 is an unknown value
RDI=0x00000000000006f0 is an unknown value
R8 =0x00007fe024000578 is an unknown value
R9 =0x00007fe08b0c1040: <offset 0xef7040> in /usr/lib/jvm/java-8-openjdk-amd64/jre/lib/amd64/server/libjvm.so at 0x00007fe08a1ca000
R10=0x00007fe07c123e58 is at entry_point+88 in (nmethod*)0x00007fe07c123c90
R11=0x00000000ec82c2b0 is an oop
