#
# A fatal error has been detected by the Java Runtime Environment:
#
#  SIGBUS (0x7) at pc=0x00007f136db68eed, pid=18115, tid=0x00007f132a55a700
#
# JRE version: OpenJDK Runtime Environment (8.0_131-b11) (build 1.8.0_131-8u131-b11-0ubuntu1.16.04.2-b11)
# Java VM: OpenJDK 64-Bit Server VM (25.131-b11 mixed mode linux-amd64 compressed oops)
# Problematic frame:
# C  [libzip.so+0x4eed]
#
# Failed to write core dump. Core dumps have been disabled. To enable core dumping, try "ulimit -c unlimited" before starting Java again
#
# If you would like to submit a bug report, please visit:
#   http://bugreport.java.com/bugreport/crash.jsp
# The crash happened outside the Java Virtual Machine in native code.
# See problematic frame for where to report the bug.
#

---------------  T H R E A D  ---------------

Current thread (0x00007f1369648800):  JavaThread "pool-17-thread-4" [_thread_in_native, id=19367, stack(0x00007f132a45a000,0x00007f132a55b000)]

siginfo: si_signo: 7 (SIGBUS), si_code: 2 (BUS_ADRERR), si_addr: 0x00007f13284e6032

Registers:
RAX=0x00007f130c1f3860, RBX=0x00007f1308030bc0, RCX=0x00007f13284e6012, RDX=0x00007f130c1f3860
RSP=0x00007f132a552840, RBP=0x00007f132a5528b0, RSI=0x00000000576a1af8, RDI=0x0000000000000fb0
R8 =0x00007f130c000798, R9 =0x00007f137038a020, R10=0x00007f1360122418, R11=0x00000000ef68ec80
R12=0x00007f1308028e28, R13=0x00007f132a55293f, R14=0x00007f130c079a90, R15=0x00007f130c1f3860
RIP=0x00007f136db68eed, EFLAGS=0x0000000000010206, CSGSFS=0xe2db000000000033, ERR=0x0000000000000004
  TRAPNO=0x000000000000000e

Top of Stack: (sp=0x00007f132a552840)
0x00007f132a552840:   00007f132a552890 00007f136db69d19
0x00007f132a552850:   00007f132a5528b0 0000002100ee4c00
0x00007f132a552860:   00007f132a552890 0000000000000020
0x00007f132a552870:   0000000069648800 00007f136fd0b670
0x00007f132a552880:   0000000000000020 00007f1308028e20
0x00007f132a552890:   000000009eb01eb7 00007f132a55293f
0x00007f132a5528a0:   00007f130c079a90 00007f1308030bc0
0x00007f132a5528b0:   00007f132a552900 00007f136db69c84
0x00007f132a5528c0:   00007f132a552920 0000002001ee4c00
0x00007f132a5528d0:   00007f132a552900 0000000000000020
0x00007f132a5528e0:   00007f13696489e0 00000000ef1e9058
0x00007f132a5528f0:   00007f132a552d78 00007f1308030bc0
0x00007f132a552900:   00007f132a552d60 00007f136db67bec
0x00007f132a552910:   00007f132a552920 0000000100000000
0x00007f132a552920:   63732f616c616373 766974616e616c61
0x00007f132a552930:   79542f72696e2f65 7373616c632e6570
0x00007f132a552940:   00007f130c1ed800 00007f12f7beda70
0x00007f132a552950:   00007f1300000000 00007f12f7beda70
0x00007f132a552960:   00007f132a552980 00007f136fccbded
0x00007f132a552970:   0000000000000003 0000000e6fe6905d
0x00007f132a552980:   00007f132a5529c0 0000000100000ea8
0x00007f132a552990:   00007f130c077ca0 00007f1370b05259
0x00007f132a5529a0:   0000000000000000 00007f136db68131
0x00007f132a5529b0:   00007f132a552ea0 00007f130c079a90
0x00007f132a5529c0:   00007f1308030bc0 00007f132a552b00
0x00007f132a5529d0:   00007f1369648800 00007f1369648800
0x00007f132a5529e0:   00007f132a552a60 00007f136fb0e398
0x00007f132a5529f0:   0000000000000000 00007f132a552b00
0x00007f132a552a00:   00007f1369648800 0000000000000000
0x00007f132a552a10:   00007f1308030bc0 00007f132a552b00
0x00007f132a552a20:   0000000000000000 051094993bee4c00
0x00007f132a552a30:   00007f132a552a60 00007f1308030bc0 

Instructions: (pc=0x00007f136db68eed)
0x00007f136db68ecd:   40 30 00 00 00 00 48 c7 40 28 00 00 00 00 0f 84
0x00007f136db68edd:   bf 01 00 00 49 8b 0c 24 48 2b 4b 28 48 03 4b 18
0x00007f136db68eed:   0f b7 41 20 44 0f b7 69 1c 49 89 ce 44 0f b7 61
0x00007f136db68efd:   1e 89 45 c0 41 8b 46 0c 48 c7 45 c8 00 00 00 00 

Register to memory mapping:

RAX=0x00007f130c1f3860 is an unknown value
RBX=0x00007f1308030bc0 is an unknown value
RCX=0x00007f13284e6012 is an unknown value
RDX=0x00007f130c1f3860 is an unknown value
RSP=0x00007f132a552840 is pointing into the stack for thread: 0x00007f1369648800
RBP=0x00007f132a5528b0 is pointing into the stack for thread: 0x00007f1369648800
RSI=0x00000000576a1af8 is an unknown value
RDI=0x0000000000000fb0 is an unknown value
R8 =0x00007f130c000798 is an unknown value
R9 =0x00007f137038a020: <offset 0xef4020> in /usr/lib/jvm/java-8-openjdk-amd64/jre/lib/amd64/server/libjvm.so at 0x00007f136f496000
R10=0x00007f1360122418 is at entry_point+88 in (nmethod*)0x00007f1360122250
R11=0x00000000ef68ec80 is an oop
